  pch.cpp
  Ani.cpp
  Application.cpp
  Bomb.cpp
c:\users\pc\desktop\bomb\fps\object.h(20): warning C4244: '=': 'int'에서 'float'(으)로 변환하면서 데이터가 손실될 수 있습니다.
c:\users\pc\desktop\bomb\fps\bomb.cpp(104): warning C4244: '인수': 'float'에서 'int'(으)로 변환하면서 데이터가 손실될 수 있습니다.
c:\users\pc\desktop\bomb\fps\bomb.cpp(119): error C2511: 'void Bomb::Explosived(Bomb *)': 오버로드된 멤버 함수가 'Bomb'에 없습니다.
  c:\users\pc\desktop\bomb\fps\bomb.h(5): note: 'Bomb' 선언을 참조하십시오.
c:\users\pc\desktop\bomb\fps\bomb.cpp(120): error C2671: 'Bomb::Explosived': 정적 멤버 함수에 'this' 포인터가 없습니다.
  Box.cpp
c:\users\pc\desktop\bomb\fps\object.h(20): warning C4244: '=': 'int'에서 'float'(으)로 변환하면서 데이터가 손실될 수 있습니다.
  Explosion.cpp
c:\users\pc\desktop\bomb\fps\object.h(20): warning C4244: '=': 'int'에서 'float'(으)로 변환하면서 데이터가 손실될 수 있습니다.
  FPS.cpp
  Define.cpp
  Door.cpp
c:\users\pc\desktop\bomb\fps\object.h(20): warning C4244: '=': 'int'에서 'float'(으)로 변환하면서 데이터가 손실될 수 있습니다.
  GameManager.cpp
c:\users\pc\desktop\bomb\fps\object.h(20): warning C4244: '=': 'int'에서 'float'(으)로 변환하면서 데이터가 손실될 수 있습니다.
c:\users\pc\desktop\bomb\fps\gamemanager.cpp(120): warning C4267: '초기화 중': 'size_t'에서 'int'(으)로 변환하면서 데이터가 손실될 수 있습니다.
  GameOverScene.cpp
  GameScene.cpp
  IntroScene.cpp
  Item.cpp
c:\users\pc\desktop\bomb\fps\object.h(20): warning C4244: '=': 'int'에서 'float'(으)로 변환하면서 데이터가 손실될 수 있습니다.
  MapData.cpp
  Monster.cpp
c:\users\pc\desktop\bomb\fps\object.h(20): warning C4244: '=': 'int'에서 'float'(으)로 변환하면서 데이터가 손실될 수 있습니다.
  Object.cpp
c:\users\pc\desktop\bomb\fps\object.h(20): warning C4244: '=': 'int'에서 'float'(으)로 변환하면서 데이터가 손실될 수 있습니다.
  ObjectFactory.cpp
c:\users\pc\desktop\bomb\fps\object.h(20): warning C4244: '=': 'int'에서 'float'(으)로 변환하면서 데이터가 손실될 수 있습니다.
  Player.cpp
c:\users\pc\desktop\bomb\fps\object.h(20): warning C4244: '=': 'int'에서 'float'(으)로 변환하면서 데이터가 손실될 수 있습니다.
  Scene.cpp
  SceneFactory.cpp
  코드를 생성하고 있습니다...
  컴파일하고 있습니다...
  SceneManager.cpp
  Wall.cpp
c:\users\pc\desktop\bomb\fps\object.h(20): warning C4244: '=': 'int'에서 'float'(으)로 변환하면서 데이터가 손실될 수 있습니다.
  코드를 생성하고 있습니다...
